------------------------------------------------
TESTING CD
------------------------------------------------
~~~~~~~~~~~~~~~~~~~~~~~~~~~~~~~~~~~~~~~~~~~~~~
Current path : /Users/rfontain/Documents/project/21sh
~~~~~~~~~~~~~~~~~~~~~~~~~~~~~~~~~~~~~~~~~~~~~~
Simple cd
pwd: /Users/rfontain
$PWD: /Users/rfontain - $OLDPWD: /Users/rfontain/Documents/project/21sh
~~~~~~~~~~~~~~~~~~~~~~~~~~~~~~~~~~~~~~~~~~~~~~
CD /Users/rfontain/Documents/project/21sh/libft : /Users/rfontain/Documents/project/21sh/libft
~~~~~~~~~~~~~~~~~~~~~~~~~~~~~~~~~~~~~~~~~~~~~~
CD - : pwd : /Users/rfontain
~~~~~~~~~~~~~~~~~~~~~~~~~~~~~~~~~~~~~~~~~~~~~~
CD /wrong/path :
/Users/rfontain/Documents/project/21sh/unittest/unittest_cd: cd: /wrong/path: no such file or directory
$PWD: /Users/rfontain/Documents/project/21sh - $OLDPWD: /Users/rfontain
~~~~~~~~~~~~~~~~~~~~~~~~~~~~~~~~~~~~~~~~~~~~~~
CD /path/to/file :
/Users/rfontain/Documents/project/21sh/unittest/unittest_cd: cd: /Users/rfontain/.bashrc: no such file or directory
$PWD: /Users/rfontain/Documents/project/21sh - $OLDPWD: /Users/rfontain
~~~~~~~~~~~~~~~~~~~~~~~~~~~~~~~~~~~~~~~~~~~~~~
CD libft/../..
current pwd: /Users/rfontain/Documents/project/21sh
new pwd: /Users/rfontain/Documents/project
~~~~~~~~~~~~~~~~~~~~~~~~~~~~~~~~~~~~~~~~~~~~~~
CD /..
pwd: /
~~~~~~~~~~~~~~~~~~~~~~~~~~~~~~~~~~~~~~~~~~~~~~
CD /../../.././.././..
pwd: /
~~~~~~~~~~~~~~~~~~~~~~~~~~~~~~~~~~~~~~~~~~~~~~
CD ././././././././././////
pwd: /Users/rfontain/Documents/project/21sh
~~~~~~~~~~~~~~~~~~~~~~~~~~~~~~~~~~~~~~~~~~~~~~
CD /////////
pwd: /
~~~~~~~~~~~~~~~~~~~~~~~~~~~~~~~~~~~~~~~~~~~~~~
CD -- -
/
pwd: /
~~~~~~~~~~~~~~~~~~~~~~~~~~~~~~~~~~~~~~~~~~~~~~
CD -- --
/Users/rfontain/Documents/project/21sh/unittest/unittest_cd: cd: --: no such file or directory
pwd: /Users/rfontain/Documents/project/21sh
$PWD: /Users/rfontain/Documents/project/21sh - $OLDPWD: /
~~~~~~~~~~~~~~~~~~~~~~~~~~~~~~~~~~~~~~~~~~~~~~
CD -- -- --
/Users/rfontain/Documents/project/21sh/unittest/unittest_cd: cd: string not in pwd: --
(see zsh for double argument in cd)
~~~~~~~~~~~~~~~~~~~~~~~~~~~~~~~~~~~~~~~~~~~~~~

CD -- -- --
/Users/rfontain/Documents/project/21sh/unittest/unittest_cd: cd: string not in pwd: --
(see zsh for double argument in cd)
~~~~~~~~~~~~~~~~~~~~~~~~~~~~~~~~~~~~~~~~~~~~~~

CD /tmp && cd tmp Users
/Users
pwd: /Users
$PWD: /Users - $OLDPWD: /tmp
~~~~~~~~~~~~~~~~~~~~~~~~~~~~~~~~~~~~~~~~~~~~~~

CD /tmp && cd tmp User
/Users/rfontain/Documents/project/21sh/unittest/unittest_cd: cd: /User: no such file or directory
pwd: /tmp
~~~~~~~~~~~~~~~~~~~~~~~~~~~~~~~~~~~~~~~~~~~~~~

CD -:
curr pwd: /tmp
cd -: /Users
~~~~~~~~~~~~~~~~~~~~~~~~~~~~~~~~~~~~~~~~~~~~~~

CD /tmp && unsetenv OLDPWD && cd -
curr pwd: /tmp
$PWD: /tmp - $OLDPWD: 
/Users/rfontain/Documents/project/21sh/unittest/unittest_cd: cd: OLDPWD not defined: -
$PWD: /tmp - $OLDPWD: 
~~~~~~~~~~~~~~~~~~~~~~~~~~~~~~~~~~~~~~~~~~~~~~

OLDPWD= cd -
curr pwd: /Users/rfontain/Documents/project/21sh
$PWD: /Users/rfontain/Documents/project/21sh - $OLDPWD: /tmp

new pwd: /Users/rfontain/Documents/project/21sh
$PWD:  - $OLDPWD: /Users/rfontain/Documents/project/21sh
~~~~~~~~~~~~~~~~~~~~~~~~~~~~~~~~~~~~~~~~~~~~~~

REMOVED directory
curr pwd: /tmp/test/test
$PWD: /tmp/test/test - $OLDPWD: /Users/rfontain/Documents/project/21sh
/Users/rfontain/Documents/project/21sh/unittest/unittest_cd: cd: error retrieving current directory: getcwd: cannot access parent directories: No such file or directory: .
/Users/rfontain/Documents/project/21sh/unittest/unittest_cd: cd: error retrieving current directory: getcwd: cannot access parent directories: No such file or directory: ..
$PWD: /tmp/test/test - $OLDPWD: /Users/rfontain/Documents/project/21sh
$PWD: /Users/rfontain/Documents/project/21sh - $OLDPWD: /tmp/test/test
~~~~~~~~~~~~~~~~~~~~~~~~~~~~~~~~~~~~~~~~~~~~~~

INVALID OPTION
/Users/rfontain/Documents/project/21sh/unittest/unittest_cd: cd: invalid option: -o
cd: usage: cd [-L|-P] [dir]
/Users/rfontain/Documents/project/21sh/unittest/unittest_cd: cd: invalid option: -u
cd: usage: cd [-L|-P] [dir]
~~~~~~~~~~~~~~~~~~~~~~~~~~~~~~~~~~~~~~~~~~~~~~

HOME NOT DEFINED
current pwd: /Users/rfontain/Documents/project/21sh
/Users/rfontain/Documents/project/21sh/unittest/unittest_cd: cd: HOME not defined
new pwd: /Users/rfontain/Documents/project/21sh
~~~~~~~~~~~~~~~~~~~~~~~~~~~~~~~~~~~~~~~~~~~~~~

BAD FILE DESCRIPTOR
current pwd: /Users/rfontain/Documents/project/21sh
/Users/rfontain/Documents/project/21sh/unittest/unittest_cd: cd: /tmp/test/test: no such file or directory
new pwd: /Users/rfontain/Documents/project/21sh
~~~~~~~~~~~~~~~~~~~~~~~~~~~~~~~~~~~~~~~~~~~~~~

Exiting... exit
